<?xml version="1.0" encoding="UTF-8"?>
<!-- Generated by org.testng.reporters.JUnitReportReporter -->
<testsuite hostname="LAPTOP-BFLMTGNK" failures="0" tests="3" name="testcases.FacebookTest" time="14.216" errors="0" timestamp="2023-08-19T09:16:20 IST" skipped="0">
  <testcase classname="testcases.FacebookTest" name="login" time="4.111"/>
  <testcase classname="testcases.FacebookTest" name="login" time="4.266"/>
  <testcase classname="testcases.FacebookTest" name="login" time="5.839"/>
</testsuite> <!-- testcases.FacebookTest -->
