<?xml version="1.0" encoding="UTF-8"?>
<!-- Generated by org.testng.reporters.JUnitReportReporter -->
<testsuite hostname="LAPTOP-BFLMTGNK" failures="0" tests="35" name="testcases.StatesTest" time="124.453" errors="0" timestamp="2023-08-19T09:36:17 IST" skipped="0">
  <testcase classname="testcases.StatesTest" name="test" time="4.175"/>
  <testcase classname="testcases.StatesTest" name="test" time="3.185"/>
  <testcase classname="testcases.StatesTest" name="test" time="3.385"/>
  <testcase classname="testcases.StatesTest" name="test" time="4.498"/>
  <testcase classname="testcases.StatesTest" name="test" time="3.180"/>
  <testcase classname="testcases.StatesTest" name="test" time="3.211"/>
  <testcase classname="testcases.StatesTest" name="test" time="3.196"/>
  <testcase classname="testcases.StatesTest" name="test" time="3.348"/>
  <testcase classname="testcases.StatesTest" name="test" time="3.483"/>
  <testcase classname="testcases.StatesTest" name="test" time="3.293"/>
  <testcase classname="testcases.StatesTest" name="test" time="3.190"/>
  <testcase classname="testcases.StatesTest" name="test" time="3.505"/>
  <testcase classname="testcases.StatesTest" name="test" time="4.163"/>
  <testcase classname="testcases.StatesTest" name="test" time="3.555"/>
  <testcase classname="testcases.StatesTest" name="test" time="3.026"/>
  <testcase classname="testcases.StatesTest" name="test" time="3.531"/>
  <testcase classname="testcases.StatesTest" name="test" time="3.299"/>
  <testcase classname="testcases.StatesTest" name="test" time="4.135"/>
  <testcase classname="testcases.StatesTest" name="test" time="3.275"/>
  <testcase classname="testcases.StatesTest" name="test" time="5.409"/>
  <testcase classname="testcases.StatesTest" name="test" time="3.660"/>
  <testcase classname="testcases.StatesTest" name="test" time="3.567"/>
  <testcase classname="testcases.StatesTest" name="test" time="3.230"/>
  <testcase classname="testcases.StatesTest" name="test" time="3.540"/>
  <testcase classname="testcases.StatesTest" name="test" time="3.517"/>
  <testcase classname="testcases.StatesTest" name="test" time="4.394"/>
  <testcase classname="testcases.StatesTest" name="test" time="3.786"/>
  <testcase classname="testcases.StatesTest" name="test" time="3.591"/>
  <testcase classname="testcases.StatesTest" name="test" time="3.157"/>
  <testcase classname="testcases.StatesTest" name="test" time="3.285"/>
  <testcase classname="testcases.StatesTest" name="test" time="3.434"/>
  <testcase classname="testcases.StatesTest" name="test" time="3.372"/>
  <testcase classname="testcases.StatesTest" name="test" time="3.557"/>
  <testcase classname="testcases.StatesTest" name="test" time="3.181"/>
  <testcase classname="testcases.StatesTest" name="test" time="3.140"/>
</testsuite> <!-- testcases.StatesTest -->
